<?xml version="1.0" encoding="UTF-8"?>
<!-- Generated by org.testng.reporters.JUnitReportReporter -->
<testsuite hostname="LAPTOP-MBB7JRKJ" name="sampleAMZ.AmazonTest" tests="1" failures="0" timestamp="11 Jan 2021 23:02:11 GMT" time="30.243" errors="0">
  <testcase name="TestAMZ" time="30.243" classname="sampleAMZ.AmazonTest"/>
</testsuite> <!-- sampleAMZ.AmazonTest -->
